# JRE version: OpenJDK Runtime Environment Temurin-17.0.18+8 (17.0.18+8) (build 17.0.18+8)
# Java VM: OpenJDK 64-Bit Server VM Temurin-17.0.18+8 (17.0.18+8, mixed mode, sharing, tiered, compressed oops, compressed class ptrs, g1 gc, windows-amd64)
GC Precious Log:
 CPUs: 16 total, 16 available
 Memory: 7859M
 Large Page Support: Disabled
 NUMA Support: Disabled
 Compressed Oops: Enabled (Zero based)
 Heap Region Size: 4M
 Heap Min Capacity: 8M
 Heap Initial Capacity: 124M
 Heap Max Capacity: 8G
 Pre-touch: Disabled
 Parallel Workers: 13
 Concurrent Workers: 3
 Concurrent Refinement Workers: 13
 Periodic GC: Disabled
Heap:
 garbage-first heap   total 929792K, used 307218K [0x0000000600000000, 0x0000000800000000)
  region size 4096K, 8 young (32768K), 1 survivors (4096K)
 Metaspace       used 169784K, committed 171328K, reserved 1245184K
  class space    used 21989K, committed 22720K, reserved 1048576K
GC Heap History (20 events):
Event: 34.694 GC heap before
{Heap before GC invocations=50 (full 0):
 garbage-first heap   total 491520K, used 401166K [0x0000000600000000, 0x0000000800000000)
  region size 4096K, 45 young (184320K), 5 survivors (20480K)
 Metaspace       used 167301K, committed 168576K, reserved 1245184K
  class space    used 21685K, committed 22272K, reserved 1048576K
}
Event: 34.729 GC heap after
{Heap after GC invocations=51 (full 0):
 garbage-first heap   total 491520K, used 251272K [0x0000000600000000, 0x0000000800000000)
  region size 4096K, 5 young (20480K), 5 survivors (20480K)
 Metaspace       used 167301K, committed 168576K, reserved 1245184K
  class space    used 21685K, committed 22272K, reserved 1048576K
}
Event: 35.551 GC heap before
{Heap before GC invocations=51 (full 0):
 garbage-first heap   total 491520K, used 390536K [0x0000000600000000, 0x0000000800000000)
  region size 4096K, 41 young (167936K), 5 survivors (20480K)
 Metaspace       used 167337K, committed 168640K, reserved 1245184K
  class space    used 21688K, committed 22272K, reserved 1048576K
}
Event: 35.568 GC heap after
{Heap after GC invocations=52 (full 0):
 garbage-first heap   total 491520K, used 262894K [0x0000000600000000, 0x0000000800000000)
  region size 4096K, 4 young (16384K), 4 survivors (16384K)
 Metaspace       used 167337K, committed 168640K, reserved 1245184K
  class space    used 21688K, committed 22272K, reserved 1048576K
}
Event: 37.472 GC heap before
{Heap before GC invocations=53 (full 0):
 garbage-first heap   total 491520K, used 402158K [0x0000000600000000, 0x0000000800000000)
  region size 4096K, 37 young (151552K), 4 survivors (16384K)
 Metaspace       used 168042K, committed 169344K, reserved 1245184K
  class space    used 21784K, committed 22400K, reserved 1048576K
}
Event: 37.496 GC heap after
{Heap after GC invocations=54 (full 0):
 garbage-first heap   total 491520K, used 281543K [0x0000000600000000, 0x0000000800000000)
  region size 4096K, 5 young (20480K), 5 survivors (20480K)
 Metaspace       used 168042K, committed 169344K, reserved 1245184K
  class space    used 21784K, committed 22400K, reserved 1048576K
}
Event: 37.510 GC heap before
{Heap before GC invocations=54 (full 0):
 garbage-first heap   total 491520K, used 285639K [0x0000000600000000, 0x0000000800000000)
  region size 4096K, 6 young (24576K), 5 survivors (20480K)
 Metaspace       used 168042K, committed 169344K, reserved 1245184K
  class space    used 21784K, committed 22400K, reserved 1048576K
}
Event: 37.562 GC heap after
{Heap after GC invocations=55 (full 0):
 garbage-first heap   total 491520K, used 255769K [0x0000000600000000, 0x0000000800000000)
  region size 4096K, 1 young (4096K), 1 survivors (4096K)
 Metaspace       used 168042K, committed 169344K, reserved 1245184K
  class space    used 21784K, committed 22400K, reserved 1048576K
}
Event: 39.898 GC heap before
{Heap before GC invocations=55 (full 0):
 garbage-first heap   total 491520K, used 390937K [0x0000000600000000, 0x0000000800000000)
  region size 4096K, 35 young (143360K), 1 survivors (4096K)
 Metaspace       used 168407K, committed 169792K, reserved 1245184K
  class space    used 21844K, committed 22464K, reserved 1048576K
}
Event: 39.928 GC heap after
{Heap after GC invocations=56 (full 0):
 garbage-first heap   total 1474560K, used 268723K [0x0000000600000000, 0x0000000800000000)
  region size 4096K, 4 young (16384K), 4 survivors (16384K)
 Metaspace       used 168407K, committed 169792K, reserved 1245184K
  class space    used 21844K, committed 22464K, reserved 1048576K
}
Event: 54.628 GC heap before
{Heap before GC invocations=57 (full 0):
 garbage-first heap   total 929792K, used 788915K [0x0000000600000000, 0x0000000800000000)
  region size 4096K, 132 young (540672K), 4 survivors (16384K)
 Metaspace       used 169772K, committed 171328K, reserved 1245184K
  class space    used 21987K, committed 22720K, reserved 1048576K
}
Event: 54.765 GC heap after
{Heap after GC invocations=58 (full 0):
 garbage-first heap   total 929792K, used 284392K [0x0000000600000000, 0x0000000800000000)
  region size 4096K, 7 young (28672K), 7 survivors (28672K)
 Metaspace       used 169772K, committed 171328K, reserved 1245184K
  class space    used 21987K, committed 22720K, reserved 1048576K
}
Event: 55.034 GC heap before
{Heap before GC invocations=58 (full 0):
 garbage-first heap   total 929792K, used 296680K [0x0000000600000000, 0x0000000800000000)
  region size 4096K, 11 young (45056K), 7 survivors (28672K)
 Metaspace       used 169772K, committed 171328K, reserved 1245184K
  class space    used 21987K, committed 22720K, reserved 1048576K
}
Event: 55.116 GC heap after
{Heap after GC invocations=59 (full 0):
 garbage-first heap   total 929792K, used 280551K [0x0000000600000000, 0x0000000800000000)
  region size 4096K, 1 young (4096K), 1 survivors (4096K)
 Metaspace       used 169772K, committed 171328K, reserved 1245184K
  class space    used 21987K, committed 22720K, reserved 1048576K
}
Event: 71.905 GC heap before
{Heap before GC invocations=59 (full 0):
 garbage-first heap   total 929792K, used 714727K [0x0000000600000000, 0x0000000800000000)
  region size 4096K, 107 young (438272K), 1 survivors (4096K)
 Metaspace       used 169781K, committed 171328K, reserved 1245184K
  class space    used 21988K, committed 22720K, reserved 1048576K
}
Event: 72.379 GC heap after
{Heap after GC invocations=60 (full 0):
 garbage-first heap   total 929792K, used 282141K [0x0000000600000000, 0x0000000800000000)
  region size 4096K, 1 young (4096K), 1 survivors (4096K)
 Metaspace       used 169781K, committed 171328K, reserved 1245184K
  class space    used 21988K, committed 22720K, reserved 1048576K
}
Event: 75.170 GC heap before
{Heap before GC invocations=60 (full 0):
 garbage-first heap   total 929792K, used 323101K [0x0000000600000000, 0x0000000800000000)
  region size 4096K, 11 young (45056K), 1 survivors (4096K)
 Metaspace       used 169783K, committed 171328K, reserved 1245184K
  class space    used 21989K, committed 22720K, reserved 1048576K
}
Event: 75.181 GC heap after
{Heap after GC invocations=61 (full 0):
 garbage-first heap   total 929792K, used 282552K [0x0000000600000000, 0x0000000800000000)
  region size 4096K, 1 young (4096K), 1 survivors (4096K)
 Metaspace       used 169783K, committed 171328K, reserved 1245184K
  class space    used 21989K, committed 22720K, reserved 1048576K
}
Event: 75.881 GC heap before
{Heap before GC invocations=61 (full 0):
 garbage-first heap   total 929792K, used 319416K [0x0000000600000000, 0x0000000800000000)
  region size 4096K, 11 young (45056K), 1 survivors (4096K)
 Metaspace       used 169783K, committed 171328K, reserved 1245184K
  class space    used 21989K, committed 22720K, reserved 1048576K
}
Event: 75.887 GC heap after
{Heap after GC invocations=62 (full 0):
 garbage-first heap   total 929792K, used 282642K [0x0000000600000000, 0x0000000800000000)
  region size 4096K, 1 young (4096K), 1 survivors (4096K)
 Metaspace       used 169783K, committed 171328K, reserved 1245184K
  class space    used 21989K, committed 22720K, reserved 1048576K
}

